2021-10-26 17:24:59 - PHP Warning:  imagejpeg(/Applications/XAMPP/xamppfiles/htdocs/oc_junno/image/cache/catalog/products/shoes/10-90x90.jpg): failed to open stream: Permission denied in /Applications/XAMPP/xamppfiles/htdocs/oc_junno/system/library/image.php on line 121
2021-10-26 17:24:59 - PHP Warning:  imagejpeg(/Applications/XAMPP/xamppfiles/htdocs/oc_junno/image/cache/catalog/products/shoes/10-90x90.jpg): failed to open stream: Permission denied in /Applications/XAMPP/xamppfiles/htdocs/oc_junno/system/library/image.php on line 121
2021-10-26 17:24:59 - PHP Warning:  imagejpeg(/Applications/XAMPP/xamppfiles/htdocs/oc_junno/image/cache/catalog/products/shoes/15-90x90.jpg): failed to open stream: Permission denied in /Applications/XAMPP/xamppfiles/htdocs/oc_junno/system/library/image.php on line 121
2021-10-26 17:24:59 - PHP Warning:  imagejpeg(/Applications/XAMPP/xamppfiles/htdocs/oc_junno/image/cache/catalog/products/shoes/10-90x90.jpg): failed to open stream: Permission denied in /Applications/XAMPP/xamppfiles/htdocs/oc_junno/system/library/image.php on line 121
2021-10-26 17:24:59 - PHP Warning:  imagejpeg(/Applications/XAMPP/xamppfiles/htdocs/oc_junno/image/cache/catalog/products/shoes/15-90x90.jpg): failed to open stream: Permission denied in /Applications/XAMPP/xamppfiles/htdocs/oc_junno/system/library/image.php on line 121
2021-10-26 17:24:59 - PHP Warning:  imagejpeg(/Applications/XAMPP/xamppfiles/htdocs/oc_junno/image/cache/catalog/products/shoes/17-90x90.jpg): failed to open stream: Permission denied in /Applications/XAMPP/xamppfiles/htdocs/oc_junno/system/library/image.php on line 121
2021-10-26 17:24:59 - PHP Warning:  imagejpeg(/Applications/XAMPP/xamppfiles/htdocs/oc_junno/image/cache/catalog/products/shoes/10-90x90.jpg): failed to open stream: Permission denied in /Applications/XAMPP/xamppfiles/htdocs/oc_junno/system/library/image.php on line 121
2021-10-26 17:24:59 - PHP Warning:  imagejpeg(/Applications/XAMPP/xamppfiles/htdocs/oc_junno/image/cache/catalog/products/shoes/10-90x90.jpg): failed to open stream: Permission denied in /Applications/XAMPP/xamppfiles/htdocs/oc_junno/system/library/image.php on line 121
2021-10-26 17:25:00 - PHP Warning:  imagejpeg(/Applications/XAMPP/xamppfiles/htdocs/oc_junno/image/cache/catalog/products/shoes/10-90x90.jpg): failed to open stream: Permission denied in /Applications/XAMPP/xamppfiles/htdocs/oc_junno/system/library/image.php on line 121
2021-10-26 17:25:00 - PHP Warning:  imagejpeg(/Applications/XAMPP/xamppfiles/htdocs/oc_junno/image/cache/catalog/products/shoes/15-90x90.jpg): failed to open stream: Permission denied in /Applications/XAMPP/xamppfiles/htdocs/oc_junno/system/library/image.php on line 121
2021-10-26 17:25:00 - PHP Warning:  imagejpeg(/Applications/XAMPP/xamppfiles/htdocs/oc_junno/image/cache/catalog/products/shoes/10-90x90.jpg): failed to open stream: Permission denied in /Applications/XAMPP/xamppfiles/htdocs/oc_junno/system/library/image.php on line 121
2021-10-26 17:25:00 - PHP Warning:  imagejpeg(/Applications/XAMPP/xamppfiles/htdocs/oc_junno/image/cache/catalog/products/shoes/10-90x90.jpg): failed to open stream: Permission denied in /Applications/XAMPP/xamppfiles/htdocs/oc_junno/system/library/image.php on line 121
2021-10-26 17:25:00 - PHP Warning:  imagejpeg(/Applications/XAMPP/xamppfiles/htdocs/oc_junno/image/cache/catalog/products/shoes/10-90x90.jpg): failed to open stream: Permission denied in /Applications/XAMPP/xamppfiles/htdocs/oc_junno/system/library/image.php on line 121
2021-10-26 17:25:00 - PHP Warning:  imagejpeg(/Applications/XAMPP/xamppfiles/htdocs/oc_junno/image/cache/catalog/products/shoes/15-90x90.jpg): failed to open stream: Permission denied in /Applications/XAMPP/xamppfiles/htdocs/oc_junno/system/library/image.php on line 121
2021-10-26 17:25:00 - PHP Warning:  imagejpeg(/Applications/XAMPP/xamppfiles/htdocs/oc_junno/image/cache/catalog/products/shoes/15-90x90.jpg): failed to open stream: Permission denied in /Applications/XAMPP/xamppfiles/htdocs/oc_junno/system/library/image.php on line 121
2021-10-26 17:25:00 - PHP Warning:  imagejpeg(/Applications/XAMPP/xamppfiles/htdocs/oc_junno/image/cache/catalog/products/shoes/17-90x90.jpg): failed to open stream: Permission denied in /Applications/XAMPP/xamppfiles/htdocs/oc_junno/system/library/image.php on line 121
2021-10-26 17:25:00 - PHP Warning:  imagejpeg(/Applications/XAMPP/xamppfiles/htdocs/oc_junno/image/cache/catalog/products/shoes/10-90x90.jpg): failed to open stream: Permission denied in /Applications/XAMPP/xamppfiles/htdocs/oc_junno/system/library/image.php on line 121
2021-10-26 17:25:00 - PHP Warning:  imagejpeg(/Applications/XAMPP/xamppfiles/htdocs/oc_junno/image/cache/catalog/products/shoes/10-90x90.jpg): failed to open stream: Permission denied in /Applications/XAMPP/xamppfiles/htdocs/oc_junno/system/library/image.php on line 121
2021-10-26 17:25:00 - PHP Warning:  imagejpeg(/Applications/XAMPP/xamppfiles/htdocs/oc_junno/image/cache/catalog/products/shoes/10-90x90.jpg): failed to open stream: Permission denied in /Applications/XAMPP/xamppfiles/htdocs/oc_junno/system/library/image.php on line 121
2021-10-26 17:25:00 - PHP Warning:  imagejpeg(/Applications/XAMPP/xamppfiles/htdocs/oc_junno/image/cache/catalog/products/shoes/15-90x90.jpg): failed to open stream: Permission denied in /Applications/XAMPP/xamppfiles/htdocs/oc_junno/system/library/image.php on line 121
2021-10-26 17:25:00 - PHP Warning:  imagejpeg(/Applications/XAMPP/xamppfiles/htdocs/oc_junno/image/cache/catalog/products/shoes/10-90x90.jpg): failed to open stream: Permission denied in /Applications/XAMPP/xamppfiles/htdocs/oc_junno/system/library/image.php on line 121
2021-10-26 17:25:00 - PHP Warning:  imagejpeg(/Applications/XAMPP/xamppfiles/htdocs/oc_junno/image/cache/catalog/products/shoes/10-90x90.jpg): failed to open stream: Permission denied in /Applications/XAMPP/xamppfiles/htdocs/oc_junno/system/library/image.php on line 121
2021-10-26 17:25:00 - PHP Warning:  imagejpeg(/Applications/XAMPP/xamppfiles/htdocs/oc_junno/image/cache/catalog/products/shoes/10-90x90.jpg): failed to open stream: Permission denied in /Applications/XAMPP/xamppfiles/htdocs/oc_junno/system/library/image.php on line 121
2021-10-26 17:25:00 - PHP Warning:  imagejpeg(/Applications/XAMPP/xamppfiles/htdocs/oc_junno/image/cache/catalog/products/shoes/15-90x90.jpg): failed to open stream: Permission denied in /Applications/XAMPP/xamppfiles/htdocs/oc_junno/system/library/image.php on line 121
2021-10-26 17:25:00 - PHP Warning:  imagejpeg(/Applications/XAMPP/xamppfiles/htdocs/oc_junno/image/cache/catalog/products/shoes/17-90x90.jpg): failed to open stream: Permission denied in /Applications/XAMPP/xamppfiles/htdocs/oc_junno/system/library/image.php on line 121
2021-10-26 17:25:00 - PHP Warning:  imagejpeg(/Applications/XAMPP/xamppfiles/htdocs/oc_junno/image/cache/catalog/products/shoes/10-90x90.jpg): failed to open stream: Permission denied in /Applications/XAMPP/xamppfiles/htdocs/oc_junno/system/library/image.php on line 121
2021-10-26 17:25:00 - PHP Warning:  imagejpeg(/Applications/XAMPP/xamppfiles/htdocs/oc_junno/image/cache/catalog/products/shoes/13-660x660.jpg): failed to open stream: Permission denied in /Applications/XAMPP/xamppfiles/htdocs/oc_junno/system/library/image.php on line 121
2021-10-26 17:25:00 - PHP Warning:  imagejpeg(/Applications/XAMPP/xamppfiles/htdocs/oc_junno/image/cache/catalog/products/shoes/8-660x660.jpg): failed to open stream: Permission denied in /Applications/XAMPP/xamppfiles/htdocs/oc_junno/system/library/image.php on line 121
2021-10-26 17:25:01 - PHP Warning:  imagejpeg(/Applications/XAMPP/xamppfiles/htdocs/oc_junno/image/cache/catalog/products/shoes/12-660x660.jpg): failed to open stream: Permission denied in /Applications/XAMPP/xamppfiles/htdocs/oc_junno/system/library/image.php on line 121
2021-10-26 17:25:01 - PHP Warning:  imagejpeg(/Applications/XAMPP/xamppfiles/htdocs/oc_junno/image/cache/catalog/products/shoes/1-660x660.jpg): failed to open stream: Permission denied in /Applications/XAMPP/xamppfiles/htdocs/oc_junno/system/library/image.php on line 121
2021-10-26 17:25:01 - PHP Warning:  imagejpeg(/Applications/XAMPP/xamppfiles/htdocs/oc_junno/image/cache/catalog/products/shoes/6-660x660.jpg): failed to open stream: Permission denied in /Applications/XAMPP/xamppfiles/htdocs/oc_junno/system/library/image.php on line 121
2021-10-26 17:25:01 - PHP Warning:  imagejpeg(/Applications/XAMPP/xamppfiles/htdocs/oc_junno/image/cache/catalog/products/shoes/6-660x660.jpg): failed to open stream: Permission denied in /Applications/XAMPP/xamppfiles/htdocs/oc_junno/system/library/image.php on line 121
2021-10-26 17:25:01 - PHP Warning:  imagejpeg(/Applications/XAMPP/xamppfiles/htdocs/oc_junno/image/cache/catalog/products/shoes/3-660x660.jpg): failed to open stream: Permission denied in /Applications/XAMPP/xamppfiles/htdocs/oc_junno/system/library/image.php on line 121
2021-10-26 17:25:01 - PHP Warning:  imagejpeg(/Applications/XAMPP/xamppfiles/htdocs/oc_junno/image/cache/catalog/products/shoes/11-660x660.jpg): failed to open stream: Permission denied in /Applications/XAMPP/xamppfiles/htdocs/oc_junno/system/library/image.php on line 121
2021-10-26 17:25:01 - PHP Warning:  imagejpeg(/Applications/XAMPP/xamppfiles/htdocs/oc_junno/image/cache/catalog/products/shoes/2-660x660.jpg): failed to open stream: Permission denied in /Applications/XAMPP/xamppfiles/htdocs/oc_junno/system/library/image.php on line 121
2021-10-26 17:25:01 - PHP Warning:  imagejpeg(/Applications/XAMPP/xamppfiles/htdocs/oc_junno/image/cache/catalog/products/shoes/7-660x660.jpg): failed to open stream: Permission denied in /Applications/XAMPP/xamppfiles/htdocs/oc_junno/system/library/image.php on line 121
2021-10-26 17:25:01 - PHP Warning:  imagejpeg(/Applications/XAMPP/xamppfiles/htdocs/oc_junno/image/cache/catalog/products/shoes/18-660x660.jpg): failed to open stream: Permission denied in /Applications/XAMPP/xamppfiles/htdocs/oc_junno/system/library/image.php on line 121
2021-10-26 17:25:01 - PHP Warning:  imagejpeg(/Applications/XAMPP/xamppfiles/htdocs/oc_junno/image/cache/catalog/products/shoes/6-660x660.jpg): failed to open stream: Permission denied in /Applications/XAMPP/xamppfiles/htdocs/oc_junno/system/library/image.php on line 121
2021-10-26 17:25:01 - PHP Warning:  imagejpeg(/Applications/XAMPP/xamppfiles/htdocs/oc_junno/image/cache/catalog/products/shoes/18-660x660.jpg): failed to open stream: Permission denied in /Applications/XAMPP/xamppfiles/htdocs/oc_junno/system/library/image.php on line 121
2021-10-26 17:25:01 - PHP Warning:  imagejpeg(/Applications/XAMPP/xamppfiles/htdocs/oc_junno/image/cache/catalog/products/shoes/8-660x660.jpg): failed to open stream: Permission denied in /Applications/XAMPP/xamppfiles/htdocs/oc_junno/system/library/image.php on line 121
2021-10-26 17:25:02 - PHP Warning:  imagejpeg(/Applications/XAMPP/xamppfiles/htdocs/oc_junno/image/cache/catalog/products/shoes/11-660x660.jpg): failed to open stream: Permission denied in /Applications/XAMPP/xamppfiles/htdocs/oc_junno/system/library/image.php on line 121
2021-10-26 17:25:02 - PHP Warning:  imagejpeg(/Applications/XAMPP/xamppfiles/htdocs/oc_junno/image/cache/catalog/products/shoes/7-660x660.jpg): failed to open stream: Permission denied in /Applications/XAMPP/xamppfiles/htdocs/oc_junno/system/library/image.php on line 121
2021-10-26 17:25:02 - PHP Warning:  imagejpeg(/Applications/XAMPP/xamppfiles/htdocs/oc_junno/image/cache/catalog/products/shoes/16-660x660.jpg): failed to open stream: Permission denied in /Applications/XAMPP/xamppfiles/htdocs/oc_junno/system/library/image.php on line 121
2021-10-26 17:25:02 - PHP Warning:  imagejpeg(/Applications/XAMPP/xamppfiles/htdocs/oc_junno/image/cache/catalog/products/shoes/16-660x660.jpg): failed to open stream: Permission denied in /Applications/XAMPP/xamppfiles/htdocs/oc_junno/system/library/image.php on line 121
2021-10-26 17:25:02 - PHP Warning:  imagejpeg(/Applications/XAMPP/xamppfiles/htdocs/oc_junno/image/cache/catalog/products/shoes/4-660x660.jpg): failed to open stream: Permission denied in /Applications/XAMPP/xamppfiles/htdocs/oc_junno/system/library/image.php on line 121
2021-10-26 17:25:02 - PHP Warning:  imagejpeg(/Applications/XAMPP/xamppfiles/htdocs/oc_junno/image/cache/catalog/products/shoes/5-660x660.jpg): failed to open stream: Permission denied in /Applications/XAMPP/xamppfiles/htdocs/oc_junno/system/library/image.php on line 121
2021-10-26 17:25:02 - PHP Warning:  imagejpeg(/Applications/XAMPP/xamppfiles/htdocs/oc_junno/image/cache/catalog/products/shoes/6-660x660.jpg): failed to open stream: Permission denied in /Applications/XAMPP/xamppfiles/htdocs/oc_junno/system/library/image.php on line 121
2021-10-26 17:25:02 - PHP Warning:  imagejpeg(/Applications/XAMPP/xamppfiles/htdocs/oc_junno/image/cache/catalog/products/shoes/9-660x660.jpg): failed to open stream: Permission denied in /Applications/XAMPP/xamppfiles/htdocs/oc_junno/system/library/image.php on line 121
2021-10-26 17:25:02 - PHP Warning:  imagejpeg(/Applications/XAMPP/xamppfiles/htdocs/oc_junno/image/cache/catalog/products/shoes/10-90x90.jpg): failed to open stream: Permission denied in /Applications/XAMPP/xamppfiles/htdocs/oc_junno/system/library/image.php on line 121
2021-10-26 17:25:02 - PHP Warning:  imagejpeg(/Applications/XAMPP/xamppfiles/htdocs/oc_junno/image/cache/catalog/products/shoes/15-90x90.jpg): failed to open stream: Permission denied in /Applications/XAMPP/xamppfiles/htdocs/oc_junno/system/library/image.php on line 121
2021-10-26 17:25:02 - PHP Warning:  imagejpeg(/Applications/XAMPP/xamppfiles/htdocs/oc_junno/image/cache/catalog/products/shoes/10-90x90.jpg): failed to open stream: Permission denied in /Applications/XAMPP/xamppfiles/htdocs/oc_junno/system/library/image.php on line 121
2021-10-26 17:25:02 - PHP Warning:  imagejpeg(/Applications/XAMPP/xamppfiles/htdocs/oc_junno/image/cache/catalog/products/shoes/10-90x90.jpg): failed to open stream: Permission denied in /Applications/XAMPP/xamppfiles/htdocs/oc_junno/system/library/image.php on line 121
2021-10-26 17:25:02 - PHP Warning:  imagejpeg(/Applications/XAMPP/xamppfiles/htdocs/oc_junno/image/cache/catalog/products/shoes/15-90x90.jpg): failed to open stream: Permission denied in /Applications/XAMPP/xamppfiles/htdocs/oc_junno/system/library/image.php on line 121
2021-10-26 17:25:02 - PHP Warning:  imagejpeg(/Applications/XAMPP/xamppfiles/htdocs/oc_junno/image/cache/catalog/products/shoes/10-90x90.jpg): failed to open stream: Permission denied in /Applications/XAMPP/xamppfiles/htdocs/oc_junno/system/library/image.php on line 121
2021-10-26 17:25:02 - PHP Warning:  imagejpeg(/Applications/XAMPP/xamppfiles/htdocs/oc_junno/image/cache/catalog/blog/1-450x320.jpg): failed to open stream: Permission denied in /Applications/XAMPP/xamppfiles/htdocs/oc_junno/system/library/image.php on line 121
2021-10-26 17:25:02 - PHP Warning:  imagejpeg(/Applications/XAMPP/xamppfiles/htdocs/oc_junno/image/cache/catalog/blog/2-450x320.jpg): failed to open stream: Permission denied in /Applications/XAMPP/xamppfiles/htdocs/oc_junno/system/library/image.php on line 121
2021-10-26 17:25:02 - PHP Warning:  imagejpeg(/Applications/XAMPP/xamppfiles/htdocs/oc_junno/image/cache/catalog/blog/1-450x320.jpg): failed to open stream: Permission denied in /Applications/XAMPP/xamppfiles/htdocs/oc_junno/system/library/image.php on line 121
2021-10-26 17:25:02 - PHP Warning:  imagejpeg(/Applications/XAMPP/xamppfiles/htdocs/oc_junno/image/cache/catalog/blog/2-450x320.jpg): failed to open stream: Permission denied in /Applications/XAMPP/xamppfiles/htdocs/oc_junno/system/library/image.php on line 121
2021-10-26 17:25:52 - PHP Warning:  imagejpeg(/Applications/XAMPP/xamppfiles/htdocs/oc_junno/image/cache/catalog/blog/1-450x320.jpg): failed to open stream: Permission denied in /Applications/XAMPP/xamppfiles/htdocs/oc_junno/system/library/image.php on line 121
2021-10-26 17:25:52 - PHP Warning:  imagejpeg(/Applications/XAMPP/xamppfiles/htdocs/oc_junno/image/cache/catalog/blog/2-450x320.jpg): failed to open stream: Permission denied in /Applications/XAMPP/xamppfiles/htdocs/oc_junno/system/library/image.php on line 121
2021-10-26 17:25:52 - PHP Warning:  imagejpeg(/Applications/XAMPP/xamppfiles/htdocs/oc_junno/image/cache/catalog/blog/1-450x320.jpg): failed to open stream: Permission denied in /Applications/XAMPP/xamppfiles/htdocs/oc_junno/system/library/image.php on line 121
2021-10-26 17:25:52 - PHP Warning:  imagejpeg(/Applications/XAMPP/xamppfiles/htdocs/oc_junno/image/cache/catalog/blog/2-450x320.jpg): failed to open stream: Permission denied in /Applications/XAMPP/xamppfiles/htdocs/oc_junno/system/library/image.php on line 121
2021-10-26 17:27:09 - PHP Warning:  fopen(/Applications/XAMPP/xamppfiles/htdocs/oc_junno/admin/view/stylesheet/bootstrap.css): failed to open stream: Permission denied in /Applications/XAMPP/xamppfiles/htdocs/oc_junno/admin/controller/startup/sass.php on line 14
2021-10-26 17:27:09 - PHP Warning:  flock() expects parameter 1 to be resource, boolean given in /Applications/XAMPP/xamppfiles/htdocs/oc_junno/admin/controller/startup/sass.php on line 16
2021-10-26 17:27:09 - PHP Warning:  fwrite() expects parameter 1 to be resource, boolean given in /Applications/XAMPP/xamppfiles/htdocs/oc_junno/admin/controller/startup/sass.php on line 18
2021-10-26 17:27:09 - PHP Warning:  fflush() expects parameter 1 to be resource, boolean given in /Applications/XAMPP/xamppfiles/htdocs/oc_junno/admin/controller/startup/sass.php on line 20
2021-10-26 17:27:09 - PHP Warning:  flock() expects parameter 1 to be resource, boolean given in /Applications/XAMPP/xamppfiles/htdocs/oc_junno/admin/controller/startup/sass.php on line 22
2021-10-26 17:27:09 - PHP Warning:  fclose() expects parameter 1 to be resource, boolean given in /Applications/XAMPP/xamppfiles/htdocs/oc_junno/admin/controller/startup/sass.php on line 24
2021-10-26 17:27:36 - PHP Warning:  fopen(/Applications/XAMPP/xamppfiles/htdocs/oc_junno/admin/view/stylesheet/bootstrap.css): failed to open stream: Permission denied in /Applications/XAMPP/xamppfiles/htdocs/oc_junno/admin/controller/startup/sass.php on line 14
2021-10-26 17:27:36 - PHP Warning:  flock() expects parameter 1 to be resource, boolean given in /Applications/XAMPP/xamppfiles/htdocs/oc_junno/admin/controller/startup/sass.php on line 16
2021-10-26 17:27:36 - PHP Warning:  fwrite() expects parameter 1 to be resource, boolean given in /Applications/XAMPP/xamppfiles/htdocs/oc_junno/admin/controller/startup/sass.php on line 18
2021-10-26 17:27:36 - PHP Warning:  fflush() expects parameter 1 to be resource, boolean given in /Applications/XAMPP/xamppfiles/htdocs/oc_junno/admin/controller/startup/sass.php on line 20
2021-10-26 17:27:36 - PHP Warning:  flock() expects parameter 1 to be resource, boolean given in /Applications/XAMPP/xamppfiles/htdocs/oc_junno/admin/controller/startup/sass.php on line 22
2021-10-26 17:27:36 - PHP Warning:  fclose() expects parameter 1 to be resource, boolean given in /Applications/XAMPP/xamppfiles/htdocs/oc_junno/admin/controller/startup/sass.php on line 24
